Symbol range map extraction starting
Processing 11 files
startProcessing "com\rain\lightning_bolt\ClientProxy.java" md5: b62d6ccaf06d67c34c9cbce2717c6aa0
Cache Hit!
endProcessing "com\rain\lightning_bolt\ClientProxy.java"

startProcessing "com\rain\lightning_bolt\CommonProxy.java" md5: 0ffe5a3360944e0c502cf3dca1b0d317
Cache Hit!
endProcessing "com\rain\lightning_bolt\CommonProxy.java"

startProcessing "com\rain\lightning_bolt\LightningBolt.java" md5: f3d2846ad097163c8ea220d90014b8b0
Cache Hit!
endProcessing "com\rain\lightning_bolt\LightningBolt.java"

startProcessing "com\rain\lightning_bolt\block\BlockLightningCharger.java" md5: 214bc50a1f65d587120ed8969ed68458
endProcessing "com\rain\lightning_bolt\block\BlockLightningCharger.java"

startProcessing "com\rain\lightning_bolt\init\ModBlocks.java" md5: 7ae5d8ffef9a39aa4c5624c832b1ee60
Cache Hit!
endProcessing "com\rain\lightning_bolt\init\ModBlocks.java"

startProcessing "com\rain\lightning_bolt\init\ModItems.java" md5: 0fd9d6f591e75408776a2af553700544
endProcessing "com\rain\lightning_bolt\init\ModItems.java"

startProcessing "com\rain\lightning_bolt\item\ItemFireBeGone.java" md5: d345e1747ac2d81374fa9c50edebe042
endProcessing "com\rain\lightning_bolt\item\ItemFireBeGone.java"

startProcessing "com\rain\lightning_bolt\item\ItemLightningBolt.java" md5: 3e652f231f252e88589cd88e3791aa9f
endProcessing "com\rain\lightning_bolt\item\ItemLightningBolt.java"

startProcessing "com\rain\lightning_bolt\item\ItemSuperchargedLightningBolt.java" md5: 5bd5f0e77448dbc43cd081e8af65c571
endProcessing "com\rain\lightning_bolt\item\ItemSuperchargedLightningBolt.java"

startProcessing "com\rain\lightning_bolt\item\tool\ItemTutorialPickaxe.java" md5: 13f707f19afbfb88473a4de5bfb72a09
Cache Hit!
endProcessing "com\rain\lightning_bolt\item\tool\ItemTutorialPickaxe.java"

startProcessing "com\rain\lightning_bolt\lib\Names.java" md5: ffe6a7fcf51fa40acaed5f36e4867e06
endProcessing "com\rain\lightning_bolt\lib\Names.java"

